<?xml version="1.0" encoding="UTF-8"?>
<!-- Generated by org.testng.reporters.JUnitReportReporter -->
<testsuite hostname="Laptop" failures="0" tests="1" name="testCases.InputFormTest" time="2.882" errors="0" timestamp="2025-09-02T11:30:50 IST" skipped="0">
  <testcase classname="testCases.InputFormTest" name="testInputForm" time="2.882"/>
</testsuite> <!-- testCases.InputFormTest -->
