<?xml version="1.0" encoding="UTF-8"?>
<!-- Generated by org.testng.reporters.JUnitReportReporter -->
<testsuite hostname="Laptop" failures="0" tests="1" name="testCases.JavascriptAlertTest" time="4.947" errors="0" timestamp="2025-05-31T13:15:30 IST" skipped="0">
  <testcase classname="testCases.JavascriptAlertTest" name="alertTest" time="4.947"/>
</testsuite> <!-- testCases.JavascriptAlertTest -->
