<?xml version="1.0" encoding="UTF-8"?>
<!-- Generated by org.testng.reporters.JUnitReportReporter -->
<testsuite hostname="Laptop" failures="0" tests="1" name="testCases.Scenario3" time="20.937" errors="0" timestamp="2025-09-02T11:45:33 IST" skipped="0">
  <testcase classname="testCases.Scenario3" name="testInputForm" time="20.937"/>
</testsuite> <!-- testCases.Scenario3 -->
