<?xml version="1.0" encoding="UTF-8"?>
<!-- Generated by org.testng.reporters.JUnitReportReporter -->
<testsuite hostname="Laptop" failures="0" tests="1" name="testCases.Scenario2" time="9.636" errors="0" timestamp="2025-09-02T11:45:33 IST" skipped="0">
  <testcase classname="testCases.Scenario2" name="dragAndDropTest" time="9.636"/>
</testsuite> <!-- testCases.Scenario2 -->
