<?xml version="1.0" encoding="UTF-8"?>
<!-- Generated by org.testng.reporters.JUnitReportReporter -->
<testsuite hostname="Laptop" failures="0" tests="1" name="testCases.Scenario1" time="12.541" errors="0" timestamp="2025-09-02T11:45:33 IST" skipped="0">
  <testcase classname="testCases.Scenario1" name="formDemo" time="12.541"/>
</testsuite> <!-- testCases.Scenario1 -->
